
--- Job larger_instance_wedding.gms Start 04/15/26 22:14:53 53.1.0 6a03d3b9 WEX-WEI x86 64bit/MS Windows
--- Applying:
    C:\GAMS\53\gmsprmNT.txt
--- GAMS Parameters defined
    Input C:\Users\Sam\Documents\GAMS\Studio\workspace\larger_instance_wedding.gms
    XSave C:\Users\Sam\Documents\GAMS\Studio\workspace\larger_instance_wedding.g0?
    PageSize 0
    Action C
    ScrDir C:\Users\Sam\Documents\GAMS\Studio\workspace\225a\
    SysDir C:\GAMS\53\
    LogOption 3
    AppendLog 1
    ErrMsg 1
    ErrorLog 99
    IDE 1
    LstTitleLeftAligned 1
    PreviousWork 1
Licensee: GAMS Demo, for EULA and demo limitations see   G260130+0003Cc-GEN
          https://www.gams.com/latest/docs/UG%5FLicense.html         DC0000
          C:\GAMS\53\gamslice.txt
          47c482f4-6e50-4644
          v:2                                                              
          Demo license for demonstration and instructional purposes only
System information: 10 physical cores and 16 Gb physical memory detected
GAMS 53.1.0   Copyright (C) 1987-2026 GAMS Development. All rights reserved
--- Starting compilation
--- larger_instance_wedding.gms(25) 3 Mb
--- > Generated_instance.inc(632) 3 Mb
--- larger_instance_wedding.gms(78) 3 Mb
*** Status: Normal completion
--- Job larger_instance_wedding.gms Stop 04/15/26 22:14:53 elapsed 0:00:00.018

--- switch to NEOS .\larger_instance_wedding\solve.lst
Job 18692527 dispatched
password: sqbKRjdy
---------- Begin Solver Output -----------
Condor submit: 'neos.submit'
Condor submit: 'watchdog.submit'
Job submitted to NEOS HTCondor pool.
Checking for model file.
Calling GAMS.

Executing on prod-exec-7.neos-server.org
--- Job MODEL.gms Start 04/15/26 16:14:57 52.5.0 9bc771bf LEX-LEG x86 64bit/Linux
--- Applying:
--- GAMS Parameters defined
    Restart C:/Users/Sam/Documents/GAMS/Studio/workspace\larger_instance_wedding\restart.g00
    Input C:/Users/Sam/Documents/GAMS/Studio/workspace\larger_instance_wedding.gms
    Output C:/Users/Sam/Documents/GAMS/Studio/workspace\larger_instance_wedding\solve.lst
    PageWidth 79
    PageSize 0
    ScrDir /var/lib/condor/execute/dir_279158/neos-279161/
    SysDir /opt/gams/52.5.0/
    CurDir C:/Users/Sam/Documents/GAMS/Studio/workspace\larger_instance_wedding\
    LogOption 4
    LogFile C:/Users/Sam/Documents/GAMS/Studio/workspace\larger_instance_wedding\solve.log
    AppendOut 1
    AppendLog 1
    Suppress 0
    CErr 10
    OptFile 1
    ErrMsg 1
    ErrorLog 99
    LimRow 0
    LimCol 0
    IDE 1
    GDX C:/Users/Sam/Documents/GAMS/Studio/workspace\larger_instance_wedding\out.gdx
    ExecMode 3
    gdxCompress 1
    Solver cbc
    LstTitleLeftAligned 1
Licensee: NEOS Server License - Production               G250831+0003Ac-GEN
          University of Wisconsin-Madison                           DCE4604
          /opt/gams/52.5.0/gamslice.txt
          e4521daf-6d87-4ac7
          node:62151203 v:2                                                
          Evaluation license: Not for commercial or production use
          The time-limited license stops working on : Jan 23, 2027
System information: 32 physical cores and 377 Gb physical memory detected
GAMS 52.5.0   Copyright (C) 1987-2026 GAMS Development. All rights reserved
--- Starting continued compilation
--- Workfile was generated under GAMS version WEX490-490
--- MODEL.gms(4) 3 Mb
--- Starting execution: elapsed 0:00:00.004
--- MODEL.gms(699) 4 Mb
--- Generating MIP model wedding
--- MODEL.gms(700) 25 Mb
---   75,929 rows  25,921 columns  180,769 non-zeroes
---   25,920 discrete-columns
--- Range statistics (absolute non-zero finite values)
--- RHS       [min, max] : [ 1.000E+00, 1.000E+01] - Zero values observed as well
--- Bound     [min, max] : [ 1.000E+00, 1.000E+00] - Zero values observed as well
--- Matrix    [min, max] : [ 1.000E+00, 8.000E+00]
--- Executing CPLEX (Solvelink=2): elapsed 0:00:00.108

IBM ILOG CPLEX   52.5.0 9bc771bf Jan 28, 2026          LEG x86 64bit/Linux    

--- GAMS/CPLEX licensed for continuous and discrete problems.

*** Error Cannot open parameter file "C:/Users/Sam/Documents/GAMS/Studio/workspace\larger_instance_wedding\cplex.opt"
*** Error Error code = 2; No such file or directory

--- GMO setup time: 0.00s
--- Space for names approximately 2.18 Mb
--- Use option 'names no' to turn use of names off
--- GMO memory 19.89 Mb (peak 20.09 Mb)
--- Dictionary memory 0.00 Mb
--- Cplex 22.1.2.0 link memory 1.36 Mb (peak 6.18 Mb)
--- Starting Cplex

Version identifier: 22.1.2.0 | 2024-11-26 | 0edbb82fd
CPXPARAM_Advance                                 0
CPXPARAM_MIP_Display                             4
CPXPARAM_MIP_Pool_Capacity                       0
CPXPARAM_TimeLimit                               220
CPXPARAM_MIP_Tolerances_AbsMIPGap                0
Generic callback                                 0x50
Tried aggregator 1 time.
MIP Presolve eliminated 0 rows and 1 columns.
Reduced MIP has 75928 rows, 25920 columns, and 178240 nonzeros.
Reduced MIP has 25920 binaries, 0 generals, 0 SOSs, and 0 indicators.
Presolve time = 0.35 sec. (279.35 ticks)
Found incumbent of value 160.000000 after 0.39 sec. (307.00 ticks)
Probing time = 0.14 sec. (16.09 ticks)
Tried aggregator 1 time.
Detecting symmetries...
Reduced MIP has 75928 rows, 25920 columns, and 178240 nonzeros.
Reduced MIP has 25920 binaries, 0 generals, 0 SOSs, and 0 indicators.
Presolve time = 0.52 sec. (352.38 ticks)
Probing time = 0.08 sec. (14.98 ticks)
Clique table members: 114850.
MIP emphasis: balance optimality and feasibility.
MIP search method: dynamic search.
Parallel mode: deterministic, using up to 32 threads.
Parallel mode: deterministic, using up to 4 threads for parallel tasks at root LP.
Parallel mode: deterministic, using up to 28 threads for concurrent optimization:
 * Starting dual Simplex on 1 thread...
 * Starting Barrier on 26 threads...
 * Starting primal Simplex on 1 thread...
Tried aggregator 1 time.
No LP presolve or aggregator reductions.
Presolve time = 0.04 sec. (27.81 ticks)
Initializing dual steep norms . . .

Iteration log . . .
Iteration:     1   Dual objective     =         11160.000000
Iteration:   737   Dual objective     =          9492.000000
Iteration:  1326   Dual objective     =          7613.000000
Iteration:  2391   Dual objective     =          3937.000000
Iteration:  3325   Dual objective     =          1500.500000
Iteration:  3647   Dual objective     =          1440.000000

Barrier solved model.

Root relaxation solution time = 0.51 sec. (309.54 ticks)

        Nodes                                         Cuts/
   Node  Left     Objective  IInf  Best Integer    Best Bound    ItCnt     Gap

*     0+    0                          160.0000    11160.0000              --- 
Found incumbent of value 160.000000 after 1.87 sec. (1074.35 ticks)
*     0+    0                          177.0000    11160.0000              --- 
Found incumbent of value 177.000000 after 1.88 sec. (1074.55 ticks)
*     0+    0                          184.0000    11160.0000              --- 
Found incumbent of value 184.000000 after 1.88 sec. (1074.65 ticks)
*     0+    0                          187.0000    11160.0000              --- 
Found incumbent of value 187.000000 after 1.88 sec. (1074.74 ticks)
      0     0     1395.0000  3168      187.0000     1395.0000        0  645.99

*     0+    0                          297.0000     1395.0000           369.70

Found incumbent of value 297.000000 after 129.27 sec. (87819.35 ticks)
      0     0     1260.7582 12523      297.0000   Cuts: 10000    51204  324.50

      0     0     1258.0142 16754      297.0000 ZeroHalf: 7484    55760  323.57

      0     0     1256.7060 19376      297.0000 ZeroHalf: 3211    58685  323.13

      0     0     1255.2725 22289      297.0000 ZeroHalf: 3348    62122  322.65

      0     0     1253.1971 21150      297.0000 ZeroHalf: 1433    63626  321.95

*     0+    0                          310.0000     1253.1971           304.26

Found incumbent of value 310.000000 after 205.82 sec. (143639.05 ticks)
      0     0      944.0137 16827      310.0000 ZeroHalf: 4530    84237  204.52

      0     0      939.5368 16797      310.0000 ZeroHalf: 2624    86792  203.08

      0     0      935.8953 17727      310.0000 ZeroHalf: 2601    88829  201.90


Zero-half cuts applied:  21064
Gomory fractional cuts applied:  6

Root node processing (before b&c):
  Real time             =  220.13 sec. (153183.46 ticks)
Parallel b&c, 32 threads:
  Real time             =    0.00 sec. (0.00 ticks)
  Sync time (average)   =    0.00 sec.
  Wait time (average)   =    0.00 sec.
                          ------------
Total (root+branch&cut) =  220.13 sec. (153183.46 ticks)

--- MIP status (107): time limit exceeded.
--- Cplex Time: 220.15sec (det. 153183.53 ticks)

--- Returning a primal only solution to GAMS (marginals all set to NA).
--- Fixing integer variables and solving final LP...

Version identifier: 22.1.2.0 | 2024-11-26 | 0edbb82fd
CPXPARAM_Advance                                 2
CPXPARAM_MIP_Display                             4
CPXPARAM_MIP_Pool_Capacity                       0
CPXPARAM_TimeLimit                               220
CPXPARAM_MIP_Tolerances_AbsMIPGap                0
Parallel mode: deterministic, using up to 32 threads for concurrent optimization:
 * Starting dual Simplex on 1 thread...
 * Starting Barrier on 30 threads...
 * Starting primal Simplex on 1 thread...
Tried aggregator 1 time.
LP Presolve eliminated 75928 rows and 25921 columns.
All rows and columns eliminated.
Presolve time = 0.02 sec. (23.69 ticks)

Dual simplex solved model.


--- Fixed MIP status (1): optimal.
--- Cplex Time: 0.08sec (det. 47.72 ticks)


Resource limit exceeded
MIP Solution:          310.000000    (88829 iterations, 0 nodes)
Final Solve:           310.000000    (0 iterations)

Best possible:         935.895274
Absolute gap:          625.895274
Relative gap:            0.668766

--- Reading solution for model wedding
--- Executing after solve: elapsed 0:03:40.693
--- MODEL.gms(710) 25 Mb
--- GDX File C:/Users/Sam/Documents/GAMS/Studio/workspace\larger_instance_wedding\out.gdx
*** Status: Normal completion
--- Job MODEL.gms Stop 04/15/26 16:18:37 elapsed 0:03:40.714
Composing results.

Archive:  solver-output.zip
--- extracting: .\larger_instance_wedding\solve.log
--- skipping: .\larger_instance_wedding\solve.lxi
--- extracting: .\larger_instance_wedding\solve.lst
--- extracting: .\larger_instance_wedding\out.gdx
